----------------------
27/02/2019 18:01:54 - C:\Projects\repos\ioninja\graco\dependencies.cmake
----------------------
[-] set (
[+] set(
[-] set (
[+] set(
----------------------
27/02/2019 18:01:54 - C:\Projects\repos\ioninja\graco\version.cmake
----------------------
[-] set (GRACO_VERSION_MAJOR     1)
[+] set(GRACO_VERSION_MAJOR     1)
[-] set (GRACO_VERSION_MINOR     3)
[+] set(GRACO_VERSION_MINOR     3)
[-] set (GRACO_VERSION_REVISION  3)
[+] set(GRACO_VERSION_REVISION  3)
[-] set (GRACO_VERSION_TAG)
[+] set(GRACO_VERSION_TAG)
[-] set (GRACO_VERSION_FULL "${GRACO_VERSION_MAJOR}.${GRACO_VERSION_MINOR}.${GRACO_VERSION_REVISION}")
[+] set(GRACO_VERSION_FULL "${GRACO_VERSION_MAJOR}.${GRACO_VERSION_MINOR}.${GRACO_VERSION_REVISION}")
[-] if (NOT "${GRACO_VERSION_TAG}" STREQUAL "")
[+] if(NOT "${GRACO_VERSION_TAG}" STREQUAL "")
[-] 	set (GRACO_VERSION_TAG_SUFFIX  " ${GRACO_VERSION_TAG}")
[+] 	set(GRACO_VERSION_TAG_SUFFIX  " ${GRACO_VERSION_TAG}")
[-] 	set (GRACO_VERSION_FILE_SUFFIX "${GRACO_VERSION_FULL}-${GRACO_VERSION_TAG}")
[+] 	set(GRACO_VERSION_FILE_SUFFIX "${GRACO_VERSION_FULL}-${GRACO_VERSION_TAG}")
[-] else ()
[+] else()
[-] 	set (GRACO_VERSION_TAG_SUFFIX)
[+] 	set(GRACO_VERSION_TAG_SUFFIX)
[-] 	set (GRACO_VERSION_FILE_SUFFIX "${GRACO_VERSION_FULL}")
[+] 	set(GRACO_VERSION_FILE_SUFFIX "${GRACO_VERSION_FULL}")
[-] endif ()
[+] endif()
[-] string (TIMESTAMP GRACO_VERSION_YEAR  "%Y")
[+] string(TIMESTAMP GRACO_VERSION_YEAR  "%Y")
[-] string (TIMESTAMP GRACO_VERSION_MONTH "%m")
[+] string(TIMESTAMP GRACO_VERSION_MONTH "%m")
[-] string (TIMESTAMP GRACO_VERSION_DAY   "%d")
[+] string(TIMESTAMP GRACO_VERSION_DAY   "%d")
[-] set (GRACO_VERSION_COMPANY "Tibbo Technology Inc")
[+] set(GRACO_VERSION_COMPANY "Tibbo Technology Inc")
[-] set (GRACO_VERSION_YEARS   "2012-${GRACO_VERSION_YEAR}")
[+] set(GRACO_VERSION_YEARS   "2012-${GRACO_VERSION_YEAR}")
----------------------
27/02/2019 18:01:54 - C:\Projects\repos\ioninja\graco\cmake\axl_cmake.cmake
----------------------
[-] if (AXL_CMAKE_ONCE)
[+] if(AXL_CMAKE_ONCE)
[-] 	return ()
[+] 	return()
[-] endif ()
[+] endif()
[-] set (AXL_CMAKE_ONCE TRUE)
[+] set(AXL_CMAKE_ONCE TRUE)
[-] macro (
[+] macro(
[-] 	set (_DIR_LIST ${ARGN})
[+] 	set(_DIR_LIST ${ARGN})
[-] 	set (_FILE_PATH ${_FILE_NAME}-NOTFOUND)
[+] 	set(_FILE_PATH ${_FILE_NAME}-NOTFOUND)
[-] 	foreach (_DIR ${_DIR_LIST})
[+] 	foreach(_DIR ${_DIR_LIST})
[-] 		if (EXISTS ${_DIR}/${_FILE_NAME})
[+] 		if(EXISTS ${_DIR}/${_FILE_NAME})
[-] 			set (_FILE_PATH ${_DIR}/${_FILE_NAME})
[+] 			set(_FILE_PATH ${_DIR}/${_FILE_NAME})
[-] 			break ()
[+] 			break()
[-] 		endif ()
[+] 		endif()
[-] 	endforeach ()
[+] 	endforeach()
[-] 	set (${_RESULT} ${_FILE_PATH})
[+] 	set(${_RESULT} ${_FILE_PATH})
[-] endmacro ()
[+] endmacro()
[-] macro (
[+] macro(
[-] 	set (_DIR ${_START_DIR})
[+] 	set(_DIR ${_START_DIR})
[-] 	while (TRUE)
[+] 	while(TRUE)
[-] 		if (EXISTS ${_DIR}/${_FILE_NAME})
[+] 		if(EXISTS ${_DIR}/${_FILE_NAME})
[-] 			set (_FILE_PATH ${_DIR}/${_FILE_NAME})
[+] 			set(_FILE_PATH ${_DIR}/${_FILE_NAME})
[-] 			break ()
[+] 			break()
[-] 		endif ()
[+] 		endif()
[-] 		get_filename_component (_PARENT_DIR "${_DIR}/.." ABSOLUTE)
[+] 		get_filename_component(_PARENT_DIR "${_DIR}/.." ABSOLUTE)
[-] 		if (${_DIR} STREQUAL ${_PARENT_DIR})
[+] 		if(${_DIR} STREQUAL ${_PARENT_DIR})
[-] 			set (_FILE_PATH ${_FILE_NAME}-NOTFOUND)
[+] 			set(_FILE_PATH ${_FILE_NAME}-NOTFOUND)
[-] 			break ()
[+] 			break()
[-] 		endif ()
[+] 		endif()
[-] 		set (_DIR ${_PARENT_DIR})
[+] 		set(_DIR ${_PARENT_DIR})
[-] 	endwhile ()
[+] 	endwhile()
[-] 	set (${_RESULT} ${_FILE_PATH})
[+] 	set(${_RESULT} ${_FILE_PATH})
[-] endmacro ()
[+] endmacro()
[-] get_filename_component (AXL_CMAKE_ORIGIN_DIR ${CMAKE_PARENT_LIST_FILE} DIRECTORY)
[+] get_filename_component(AXL_CMAKE_ORIGIN_DIR ${CMAKE_PARENT_LIST_FILE} DIRECTORY)
[-] set (AXL_CMAKE_ORIGIN_FILE ${CMAKE_PARENT_LIST_FILE})
[+] set(AXL_CMAKE_ORIGIN_FILE ${CMAKE_PARENT_LIST_FILE})
[-] if (NOT EXISTS ${AXL_CMAKE_ORIGIN_DIR}/dependencies.cmake)
[+] if(NOT EXISTS ${AXL_CMAKE_ORIGIN_DIR}/dependencies.cmake)
[-] 	message (FATAL_ERROR "dependencies.cmake not found at: ${AXL_CMAKE_ORIGIN_DIR}")
[+] 	message(FATAL_ERROR "dependencies.cmake not found at: ${AXL_CMAKE_ORIGIN_DIR}")
[-] endif ()
[+] endif()
[-] if (EXISTS "${CMAKE_CURRENT_LIST_DIR}/axl_init.cmake")
[+] if(EXISTS "${CMAKE_CURRENT_LIST_DIR}/axl_init.cmake")
[-] 	set (_AXL_INIT_CMAKE "${CMAKE_CURRENT_LIST_DIR}/axl_init.cmake")
[+] 	set(_AXL_INIT_CMAKE "${CMAKE_CURRENT_LIST_DIR}/axl_init.cmake")
[-] else ()
[+] else()
[-] 	if (NOT AXL_CMAKE_DIR)
[+] 	if(NOT AXL_CMAKE_DIR)
[-] 		axl_find_file_recurse_parent_dirs (_PATHS_CMAKE paths.cmake ${AXL_CMAKE_ORIGIN_DIR})
[+] 		axl_find_file_recurse_parent_dirs(_PATHS_CMAKE paths.cmake ${AXL_CMAKE_ORIGIN_DIR})
[-] 		if (NOT _PATHS_CMAKE)
[+] 		if(NOT _PATHS_CMAKE)
[-] 			include (${AXL_CMAKE_ORIGIN_DIR}/dependencies.cmake)
[+] 			include(${AXL_CMAKE_ORIGIN_DIR}/dependencies.cmake)
[-] 			string (REPLACE ";" " " _PATH_LIST "${AXL_PATH_LIST}")
[+] 			string(REPLACE ";" " " _PATH_LIST "${AXL_PATH_LIST}")
[-] 			message (FATAL_ERROR "AXL_CMAKE_DIR not found, create paths.cmake and fill it with definitions for: ${_PATH_LIST}")
[+] 			message(FATAL_ERROR "AXL_CMAKE_DIR not found, create paths.cmake and fill it with definitions for: ${_PATH_LIST}")
[-] 		endif ()
[+] 		endif()
[-] 		include (${_PATHS_CMAKE})
[+] 		include(${_PATHS_CMAKE})
[-] 		if (NOT AXL_CMAKE_DIR)
[+] 		if(NOT AXL_CMAKE_DIR)
[-] 			message (FATAL_ERROR "AXL_CMAKE_DIR not found, check your path definitions at: ${_PATHS_CMAKE}")
[+] 			message(FATAL_ERROR "AXL_CMAKE_DIR not found, check your path definitions at: ${_PATHS_CMAKE}")
[-] 		endif ()
[+] 		endif()
[-] 	endif ()
[+] 	endif()
[-] 	axl_find_file (_AXL_INIT_CMAKE axl_init.cmake ${AXL_CMAKE_DIR})
[+] 	axl_find_file(_AXL_INIT_CMAKE axl_init.cmake ${AXL_CMAKE_DIR})
[-] 	if (NOT _AXL_INIT_CMAKE)
[+] 	if(NOT _AXL_INIT_CMAKE)
[-] 		message (FATAL_ERROR "axl_init.cmake not found at AXL_CMAKE_DIR: ${AXL_CMAKE_DIR}")
[+] 		message(FATAL_ERROR "axl_init.cmake not found at AXL_CMAKE_DIR: ${AXL_CMAKE_DIR}")
[-] 	endif ()
[+] 	endif()
[-] endif ()
[+] endif()
[-] include (${_AXL_INIT_CMAKE} NO_POLICY_SCOPE)
[+] include(${_AXL_INIT_CMAKE} NO_POLICY_SCOPE)
----------------------
27/02/2019 18:01:54 - C:\Projects\repos\ioninja\graco\cmake\graco_step.cmake
----------------------
[-] macro (
[+] macro(
[-] 	set (_INPUT_PATH  "${CMAKE_CURRENT_SOURCE_DIR}/${_INPUT_FILE_NAME}")
[+] 	set(_INPUT_PATH  "${CMAKE_CURRENT_SOURCE_DIR}/${_INPUT_FILE_NAME}")
[-] 	set (_FRAME_PATH  "${GRACO_FRAME_DIR}/${_FRAME_FILE_NAME}")
[+] 	set(_FRAME_PATH  "${GRACO_FRAME_DIR}/${_FRAME_FILE_NAME}")
[-] 	set (_OUTPUT_PATH "${CMAKE_CURRENT_BINARY_DIR}/${_OUTPUT_FILE_NAME}")
[+] 	set(_OUTPUT_PATH "${CMAKE_CURRENT_BINARY_DIR}/${_OUTPUT_FILE_NAME}")
[-] 	set (_DEPENDENCY_LIST ${ARGN})
[+] 	set(_DEPENDENCY_LIST ${ARGN})
[-] 	if (TARGET graco)
[+] 	if(TARGET graco)
[-] 		list (APPEND _DEPENDENCY_LIST graco)
[+] 		list(APPEND _DEPENDENCY_LIST graco)
[-] 	endif ()
[+] 	endif()
[-] 	add_custom_command (
[+] 	add_custom_command(
[-] endmacro ()
[+] endmacro()
[-] macro (
[+] macro(
[-] 	set (_INPUT_PATH    "${CMAKE_CURRENT_SOURCE_DIR}/${_INPUT_FILE_NAME}")
[+] 	set(_INPUT_PATH    "${CMAKE_CURRENT_SOURCE_DIR}/${_INPUT_FILE_NAME}")
[-] 	set (_FRAME_PATH_1  "${GRACO_FRAME_DIR}/${_FRAME_FILE_NAME_1}")
[+] 	set(_FRAME_PATH_1  "${GRACO_FRAME_DIR}/${_FRAME_FILE_NAME_1}")
[-] 	set (_FRAME_PATH_2  "${GRACO_FRAME_DIR}/${_FRAME_FILE_NAME_2}")
[+] 	set(_FRAME_PATH_2  "${GRACO_FRAME_DIR}/${_FRAME_FILE_NAME_2}")
[-] 	set (_OUTPUT_PATH_1 "${CMAKE_CURRENT_BINARY_DIR}/${_OUTPUT_FILE_NAME_1}")
[+] 	set(_OUTPUT_PATH_1 "${CMAKE_CURRENT_BINARY_DIR}/${_OUTPUT_FILE_NAME_1}")
[-] 	set (_OUTPUT_PATH_2 "${CMAKE_CURRENT_BINARY_DIR}/${_OUTPUT_FILE_NAME_2}")
[+] 	set(_OUTPUT_PATH_2 "${CMAKE_CURRENT_BINARY_DIR}/${_OUTPUT_FILE_NAME_2}")
[-] 	set (_DEPENDENCY_LIST ${ARGN})
[+] 	set(_DEPENDENCY_LIST ${ARGN})
[-] 	if (TARGET graco)
[+] 	if(TARGET graco)
[-] 		list (APPEND _DEPENDENCY_LIST graco)
[+] 		list(APPEND _DEPENDENCY_LIST graco)
[-] 	endif ()
[+] 	endif()
[-] 	add_custom_command (
[+] 	add_custom_command(
[-] endmacro ()
[+] endmacro()
----------------------
27/02/2019 18:01:54 - C:\Projects\repos\ioninja\graco\cmake\import_graco.cmake
----------------------
[-] axl_find_file (
[+] axl_find_file(
[-] if (_CONFIG_CMAKE)
[+] if(_CONFIG_CMAKE)
[-] 	include (${_CONFIG_CMAKE})
[+] 	include(${_CONFIG_CMAKE})
[-] 	axl_message ("Graco ${GRACO_VERSION_FULL} paths:")
[+] 	axl_message("Graco ${GRACO_VERSION_FULL} paths:")
[-] 	axl_message ("    CMake files:" "${GRACO_CMAKE_DIR}")
[+] 	axl_message("    CMake files:" "${GRACO_CMAKE_DIR}")
[-] 	axl_message ("    Includes:"    "${GRACO_INC_DIR}")
[+] 	axl_message("    Includes:"    "${GRACO_INC_DIR}")
[-] 	axl_message ("    Frames:"      "${GRACO_FRAME_DIR}")
[+] 	axl_message("    Frames:"      "${GRACO_FRAME_DIR}")
[-] 	axl_message ("    Executable:"  "${GRACO_EXE}")
[+] 	axl_message("    Executable:"  "${GRACO_EXE}")
[-] 	set (GRACO_FOUND TRUE)
[+] 	set(GRACO_FOUND TRUE)
[-] else ()
[+] else()
[-] 	set (GRACO_FOUND FALSE)
[+] 	set(GRACO_FOUND FALSE)
[-] endif ()
[+] endif()
